g++ -g main.cpp --std=c++11 -o sal -O2 -larmadillo
./sal
5 9  6
[matrix size: 5x5; n_nonzero: 13; density: 52.00%]

     (0, 0)      -2.06066
     (0, 1)      0.676777
     (1, 1)      -1.38388
     (0, 2)      0.676777
     (2, 2)      -1.06066
     (0, 3)      6.12323e-17
     (1, 3)      0.676777
     (2, 3)      0.353553
     (3, 3)      -0.707107
     (0, 4)      0.707107
     (1, 4)      0.707107
     (2, 4)      0.707107
     (3, 4)      0.707107

------
  -2.0369
  -1.5108

   0.0447   0.8572
   0.9492   0.0543
   0.1562  -0.2873
  -0.2438   0.3173
  -0.1151  -0.2811

