g++ -g main.cpp --std=c++11 -o sal -O2 -larmadillo
./sal
3400 6777  0
animales/david2.off -> -0.00637825 -0.00617513 -0.00616858 -0.00575509 -0.0055898 -0.00551401 -0.00512164 -0.00476285 -0.00472909 -0.00342144 -0.00260217 -0.00226 -0.00209309 -0.00200272 -0.00119911 -0.000828813 -0.00081751 -0.00067889 -0.000571854 -0.000570514 -0.000471802 -0.000468154 -0.000456805 -0.000455762 -0.000403693 -0.000388311 -0.000353053 -0.000327103 -0.000294994 -0.000292874 
3400 6778  0
animales/david3.off -> -0.00642601 -0.00637825 -0.00631414 -0.00630746 -0.00617513 -0.00616858 -0.00598149 -0.00575509 -0.00566684 -0.00563166 -0.0055898 -0.00551401 -0.0052636 -0.00517772 -0.00512164 -0.00495021 -0.00476285 -0.00472909 -0.00374601 -0.00342144 -0.0026743 -0.00260217 -0.00247439 -0.00226 -0.00210876 -0.00209309 -0.0020815 -0.00200272 -0.00122615 -0.00119911 
3400 6778  0
animales/david4.off -> -0.00657148 -0.00642572 -0.00637825 -0.00633395 -0.00632718 -0.00632406 -0.00629623 -0.00617513 -0.00616858 -0.00614728 -0.00598149 -0.00586558 -0.00579445 -0.00575914 -0.00575509 -0.00566684 -0.0056314 -0.0055898 -0.00551401 -0.00538213 -0.0052636 -0.00517772 -0.00512164 -0.00508742 -0.00495021 -0.00476285 -0.00472909 -0.00424338 -0.00379601 -0.00374598 
3400 6779  0
animales/david5.off -> -0.0065921 -0.00657148 -0.00642601 -0.00637825 -0.00633395 -0.00632725 -0.00631414 -0.00630746 -0.00628572 -0.00617513 -0.00616858 -0.00614728 -0.00609629 -0.00598149 -0.00586555 -0.00584024 -0.00579445 -0.00577722 -0.00575915 -0.00575509 -0.00566684 -0.00563166 -0.0055898 -0.00551401 -0.00542465 -0.00538213 -0.0052636 -0.00520199 -0.00517772 -0.00512164 
3400 6778  0
animales/david6.off -> -0.0065921 -0.00657148 -0.00642601 -0.00637825 -0.00633538 -0.00633395 -0.00632725 -0.00631414 -0.00630746 -0.00628572 -0.00626526 -0.00617513 -0.00616858 -0.00614728 -0.00609629 -0.00600252 -0.00598149 -0.00586555 -0.00584024 -0.00579445 -0.00577722 -0.00575915 -0.00575509 -0.00566684 -0.00563166 -0.0055898 -0.00557538 -0.00551401 -0.00542465 -0.00538213 
3400 6779  0
animales/david7.off -> -0.0065921 -0.00657148 -0.00651142 -0.00642601 -0.00640635 -0.00637825 -0.00633538 -0.00633395 -0.00632725 -0.00631414 -0.00630746 -0.00628572 -0.00626526 -0.00617513 -0.00616858 -0.00614728 -0.00609629 -0.00604747 -0.00600252 -0.00598149 -0.00586555 -0.00584024 -0.00579445 -0.00577722 -0.00575915 -0.00575509 -0.00566684 -0.00563166 -0.00561713 -0.0055898 
3400 6778  0
animales/david8.off -> -0.0065921 -0.00657148 -0.00656018 -0.00651142 -0.00645697 -0.00642601 -0.00640635 -0.00637825 -0.00633538 -0.00633395 -0.00632725 -0.00631414 -0.00630746 -0.00628572 -0.00626526 -0.00618438 -0.00617513 -0.00616858 -0.00614728 -0.00609629 -0.00604747 -0.00600252 -0.00598149 -0.00586555 -0.00584024 -0.00580679 -0.00579445 -0.00577722 -0.00575915 -0.00575509 
3400 6777  0
animales/david9.off -> -0.00730281 -0.00670869 -0.00663639 -0.0065921 -0.00657148 -0.00656018 -0.00651142 -0.00649663 -0.00645697 -0.00642601 -0.00640635 -0.00637825 -0.00633538 -0.00633395 -0.00632725 -0.00631414 -0.00630746 -0.00628572 -0.00626526 -0.00620378 -0.00618438 -0.00617513 -0.00616858 -0.00614728 -0.00609629 -0.00604747 -0.00600252 -0.00598149 -0.00586555 -0.00584024 
3400 6770  0
animales/dog0.off -> -0.00730281 -0.00722492 -0.00672974 -0.00670869 -0.00668608 -0.00663639 -0.0065921 -0.00657148 -0.00656018 -0.00651142 -0.00649663 -0.00645697 -0.00642601 -0.00640635 -0.00637825 -0.00633538 -0.00633395 -0.00632725 -0.00631414 -0.00630746 -0.00628572 -0.00626526 -0.00621565 -0.00620378 -0.00618438 -0.00617513 -0.00616858 -0.00614728 -0.00609629 -0.00604747 
3400 6773  0
animales/dog1.off -> -0.00735766 -0.00730281 -0.00722492 -0.00714428 -0.00683744 -0.00672974 -0.00670869 -0.00668608 -0.00663639 -0.0065921 -0.00657148 -0.00656018 -0.00651142 -0.00649663 -0.00645697 -0.00642601 -0.00640635 -0.00637825 -0.00633538 -0.00633395 -0.00632725 -0.00631414 -0.00630746 -0.00628572 -0.00626526 -0.00621565 -0.00620378 -0.00618438 -0.00617513 -0.00616858 
3400 6772  0
animales/dog10.off -> -0.0068589 -0.00683744 -0.00672075 -0.00669994 -0.00668608 -0.00663639 -0.0065921 -0.00657148 -0.00655176 -0.00650399 -0.00645697 -0.00642601 -0.00640635 -0.00637825 -0.00633395 -0.0063286 -0.00632726 -0.00631414 -0.00630746 -0.00628572 -0.00626526 -0.00620378 -0.00618437 -0.00617513 -0.00616858 -0.00614728 -0.00609629 -0.00604746 -0.00600252 -0.00598149 
3400 6772  0
animales/dog2.off -> -0.00685817 -0.00683688 -0.00672979 -0.00670869 -0.00668569 -0.00663611 -0.0065921 -0.00657148 -0.00656017 -0.00651142 -0.00645691 -0.00642572 -0.00640635 -0.00637825 -0.00633538 -0.00633395 -0.00632718 -0.00632406 -0.00629623 -0.00628572 -0.00626526 -0.00620378 -0.00618437 -0.00617513 -0.00616858 -0.00614728 -0.00609629 -0.00604746 -0.00600252 -0.00598149 
3400 6774  0
animales/dog3.off -> -0.00904553 -0.00780169 -0.00768008 -0.00751974 -0.00735766 -0.00730281 -0.00722492 -0.0071644 -0.00714428 -0.00704964 -0.0068589 -0.00683744 -0.00672974 -0.00670869 -0.00668608 -0.00663639 -0.0065921 -0.00657148 -0.00656018 -0.00651142 -0.00650443 -0.00649663 -0.00649238 -0.00645697 -0.00642601 -0.00640635 -0.00637825 -0.00633538 -0.00633395 -0.00632725 
3400 6772  0
animales/dog4.off -> -0.00943127 -0.00904553 -0.00780169 -0.00768008 -0.00751974 -0.00735766 -0.00730281 -0.00722492 -0.0071644 -0.00714428 -0.00704964 -0.0068589 -0.00683744 -0.00680755 -0.00672974 -0.00670869 -0.00668608 -0.00663639 -0.0065921 -0.00657148 -0.00656018 -0.00651142 -0.00650443 -0.00649663 -0.00649238 -0.00645697 -0.00642601 -0.00640635 -0.00637825 -0.00633538 
3400 6772  0
animales/dog5.off -> -0.00943127 -0.00904553 -0.00872714 -0.00780169 -0.00768008 -0.00760606 -0.00751974 -0.00735766 -0.00730281 -0.00722492 -0.0071644 -0.00714428 -0.00704964 -0.0068589 -0.00683744 -0.00680755 -0.00674904 -0.00672974 -0.00670869 -0.00668608 -0.00663639 -0.0065921 -0.00657148 -0.00656018 -0.00651142 -0.00650443 -0.00649663 -0.00649238 -0.00645697 -0.00642601 
3400 6772  0
animales/dog6.off -> -0.00943127 -0.00904553 -0.00872714 -0.00780169 -0.00768008 -0.00760606 -0.00753006 -0.00751974 -0.00735766 -0.00730281 -0.00722492 -0.0071644 -0.00714428 -0.00704964 -0.0068589 -0.00683744 -0.00680755 -0.00674904 -0.00672974 -0.00670869 -0.00668608 -0.00663639 -0.0065921 -0.00657148 -0.00656018 -0.00651142 -0.00650443 -0.00649663 -0.00649238 -0.00645697 
3400 6773  0
animales/dog7.off -> -0.00943127 -0.00904553 -0.00872714 -0.00780169 -0.00768008 -0.00760606 -0.00753006 -0.00751974 -0.00735766 -0.00730281 -0.00722492 -0.0071644 -0.00714428 -0.00704964 -0.0068589 -0.00683744 -0.00680755 -0.00674904 -0.00672974 -0.00670869 -0.00668608 -0.00663639 -0.0065921 -0.00657148 -0.00656018 -0.00651142 -0.00650443 -0.00649663 -0.00649238 -0.00645697 
3400 6774  0
animales/dog8.off -> -0.00943127 -0.00904553 -0.00872714 -0.00780169 -0.00768008 -0.00760606 -0.00753006 -0.00751974 -0.00735766 -0.00730281 -0.00722492 -0.0071644 -0.00714428 -0.00704964 -0.0068589 -0.00683744 -0.00680755 -0.00674904 -0.00672974 -0.00670869 -0.00668608 -0.00663639 -0.0065921 -0.00657148 -0.00656018 -0.00651142 -0.00650443 -0.00649663 -0.00649238 -0.00645697 
3400 6772  0
animales/dog9.off -> -0.0068589 -0.0068589 -0.00683744 -0.00683744 -0.00672974 -0.00672974 -0.00670869 -0.00670869 -0.00668608 -0.00668608 -0.00663639 -0.00663639 -0.0065921 -0.00657148 -0.00656017 -0.00656017 -0.00651142 -0.00651142 -0.00645697 -0.00645697 -0.00642601 -0.00640635 -0.00640635 -0.00637825 -0.00633538 -0.00633538 -0.00633395 -0.00632726 -0.00631414 -0.00630746 
2046 3993  0
animales/gorilla0.off -> -0.350199 -0.346654 -0.342992 -0.341841 -0.340919 -0.337754 -0.330726 -0.323325 -0.322796 -0.316141 -0.303926 -0.279399 -0.278985 -0.27658 -0.274498 -0.273591 -0.271896 -0.268051 -0.262451 -0.258687 -0.256023 -0.248474 -0.245681 -0.240438 -0.234182 -0.224551 -0.222281 -0.220269 -0.219535 -0.218981 
2040 3995  0
