g++ -g main.cpp --std=c++11 -o sal -O2 -larmadillo
./sal
5 6  0
   Angulos cara:  0,1 , pEq: 0 , 3 = 90, 90, 
	pED: 1, 5, 1||->1.5708
   Angulos cara:  0,2 , pEq: 0 , 1 = 45, 70.5288, 
	pED: 3, 3, 3||->1.23096
   Angulos cara:  0,4 , pEq: 1 , 3 = 45, 70.5288, 
	pED: 3, 3, 3||->1.23096
   Angulos cara:  1,0 , pEq: 0 , 3 = 90, 90, 
	pED: 1, 5, 1||->1.5708
   Angulos cara:  1,3 , pEq: 0 , 2 = 45, 70.5288, 
	pED: 3, 3, 3||->1.23096
   Angulos cara:  1,5 , pEq: 2 , 3 = 45, 70.5288, 
	pED: 3, 3, 3||->1.23096
   Angulos cara:  2,0 , pEq: 0 , 1 = 45, 70.5288, 
	pED: 3, 3, 3||->1.23096
   Angulos cara:  2,3 , pEq: 0 , 4 = 54.7356, 54.7356, 
	pED: 1, 5, 1||->0.955317
   Angulos cara:  2,4 , pEq: 1 , 4 = 54.7356, 54.7356, 
	pED: 5, 5, 1||->0.955317
   Angulos cara:  3,1 , pEq: 0 , 2 = 45, 70.5288, 
	pED: 3, 3, 3||->1.23096
   Angulos cara:  3,2 , pEq: 0 , 4 = 54.7356, 54.7356, 
	pED: 1, 5, 1||->0.955317
   Angulos cara:  3,5 , pEq: 2 , 4 = 54.7356, 54.7356, 
	pED: 5, 5, 1||->0.955317
   Angulos cara:  4,0 , pEq: 1 , 3 = 45, 70.5288, 
	pED: 3, 3, 3||->1.23096
   Angulos cara:  4,2 , pEq: 1 , 4 = 54.7356, 54.7356, 
	pED: 5, 5, 1||->0.955317
   Angulos cara:  4,5 , pEq: 3 , 4 = 54.7356, 54.7356, 
	pED: 1, 5, 1||->0.955317
   Angulos cara:  5,1 , pEq: 2 , 3 = 45, 70.5288, 
	pED: 3, 3, 3||->1.23096
   Angulos cara:  5,3 , pEq: 2 , 4 = 54.7356, 54.7356, 
	pED: 5, 5, 1||->0.955317
   Angulos cara:  5,4 , pEq: 3 , 4 = 54.7356, 54.7356, 
	pED: 1, 5, 1||->0.955317
0, 1 -> 0.676777
0, 2 -> 0.676777
0, 3 -> 6.12323e-17
0, 4 -> 0.707107
1, 3 -> 0.676777
1, 4 -> 0.707107
2, 3 -> 0.676777
2, 4 -> 0.707107
3, 4 -> 0.707107
------
OLB:[matrix size: 5x5; n_nonzero: 23; density: 92.00%]

     (0, 0)        -2.0607e+00
     (1, 0)         6.7678e-01
     (2, 0)         6.7678e-01
     (3, 0)         6.1232e-17
     (4, 0)         7.0711e-01
     (0, 1)         6.7678e-01
     (1, 1)        -2.0607e+00
     (3, 1)         6.7678e-01
     (4, 1)         7.0711e-01
     (0, 2)         6.7678e-01
     (2, 2)        -2.0607e+00
     (3, 2)         6.7678e-01
     (4, 2)         7.0711e-01
     (0, 3)         6.1232e-17
     (1, 3)         6.7678e-01
     (2, 3)         6.7678e-01
     (3, 3)        -2.0607e+00
     (4, 3)         7.0711e-01
     (0, 4)         7.0711e-01
     (1, 4)         7.0711e-01
     (2, 4)         7.0711e-01
     (3, 4)         7.0711e-01
     (4, 4)        -2.8284e+00

  -3.5355
  -3.4142

   2.2361e-01  -5.0000e-01
   2.2361e-01   5.0000e-01
   2.2361e-01   5.0000e-01
   2.2361e-01  -5.0000e-01
  -8.9443e-01  -8.9373e-15

test1.off -> 0 0 0 0 0 0 0 0 0 3.21143e-322 0 4.67043e-310 4.67043e-310 4.67043e-310 6.36599e-314 6.12323e-17 0 5.58294e-322 2.122e-314 6.36599e-314 9.88131e-324 2.122e-314 8.48798e-314 9.88131e-324 6.36599e-314 8.48798e-314 4.24399e-314 5 5 1 
